# JRE version: Java(TM) SE Runtime Environment (13.0.2+8) (build 13.0.2+8)
# Java VM: Java HotSpot(TM) 64-Bit Server VM (13.0.2+8, mixed mode, sharing, tiered, compressed oops, g1 gc, windows-amd64)
Heap:
 garbage-first heap   total 125952K, used 58464K [0x0000000701e00000, 0x0000000800000000)
  region size 1024K, 4 young (4096K), 4 survivors (4096K)
 Metaspace       used 41470K, capacity 42658K, committed 42880K, reserved 1089536K
  class space    used 4548K, capacity 4979K, committed 4992K, reserved 1048576K
GC Heap History (20 events):
Event: 16.905 GC heap before
{Heap before GC invocations=8 (full 0):
 garbage-first heap   total 92160K, used 70237K [0x0000000701e00000, 0x0000000800000000)
  region size 1024K, 31 young (31744K), 5 survivors (5120K)
 Metaspace       used 31004K, capacity 31908K, committed 32128K, reserved 1077248K
  class space    used 3392K, capacity 3707K, committed 3712K, reserved 1048576K
}
Event: 16.919 GC heap after
{Heap after GC invocations=9 (full 0):
 garbage-first heap   total 92160K, used 47768K [0x0000000701e00000, 0x0000000800000000)
  region size 1024K, 3 young (3072K), 3 survivors (3072K)
 Metaspace       used 31004K, capacity 31908K, committed 32128K, reserved 1077248K
  class space    used 3392K, capacity 3707K, committed 3712K, reserved 1048576K
}
Event: 17.353 GC heap before
{Heap before GC invocations=9 (full 0):
 garbage-first heap   total 92160K, used 70296K [0x0000000701e00000, 0x0000000800000000)
  region size 1024K, 26 young (26624K), 3 survivors (3072K)
 Metaspace       used 32107K, capacity 32995K, committed 33024K, reserved 1079296K
  class space    used 3493K, capacity 3811K, committed 3840K, reserved 1048576K
}
Event: 17.359 GC heap after
{Heap after GC invocations=10 (full 0):
 garbage-first heap   total 92160K, used 48341K [0x0000000701e00000, 0x0000000800000000)
  region size 1024K, 1 young (1024K), 1 survivors (1024K)
 Metaspace       used 32107K, capacity 32995K, committed 33024K, reserved 1079296K
  class space    used 3493K, capacity 3811K, committed 3840K, reserved 1048576K
}
Event: 17.635 GC heap before
{Heap before GC invocations=11 (full 0):
 garbage-first heap   total 92160K, used 71893K [0x0000000701e00000, 0x0000000800000000)
  region size 1024K, 25 young (25600K), 1 survivors (1024K)
 Metaspace       used 32594K, capacity 33522K, committed 33664K, reserved 1079296K
  class space    used 3554K, capacity 3868K, committed 3968K, reserved 1048576K
}
Event: 17.640 GC heap after
{Heap after GC invocations=12 (full 0):
 garbage-first heap   total 92160K, used 48732K [0x0000000701e00000, 0x0000000800000000)
  region size 1024K, 1 young (1024K), 1 survivors (1024K)
 Metaspace       used 32594K, capacity 33522K, committed 33664K, reserved 1079296K
  class space    used 3554K, capacity 3868K, committed 3968K, reserved 1048576K
}
Event: 17.739 GC heap before
{Heap before GC invocations=12 (full 0):
 garbage-first heap   total 92160K, used 72284K [0x0000000701e00000, 0x0000000800000000)
  region size 1024K, 25 young (25600K), 1 survivors (1024K)
 Metaspace       used 32700K, capacity 33610K, committed 33920K, reserved 1079296K
  class space    used 3558K, capacity 3874K, committed 3968K, reserved 1048576K
}
Event: 17.743 GC heap after
{Heap after GC invocations=13 (full 0):
 garbage-first heap   total 92160K, used 49136K [0x0000000701e00000, 0x0000000800000000)
  region size 1024K, 2 young (2048K), 2 survivors (2048K)
 Metaspace       used 32700K, capacity 33610K, committed 33920K, reserved 1079296K
  class space    used 3558K, capacity 3874K, committed 3968K, reserved 1048576K
}
Event: 17.882 GC heap before
{Heap before GC invocations=14 (full 0):
 garbage-first heap   total 102400K, used 73712K [0x0000000701e00000, 0x0000000800000000)
  region size 1024K, 26 young (26624K), 2 survivors (2048K)
 Metaspace       used 32775K, capacity 33623K, committed 33920K, reserved 1079296K
  class space    used 3561K, capacity 3877K, committed 3968K, reserved 1048576K
}
Event: 17.889 GC heap after
{Heap after GC invocations=15 (full 0):
 garbage-first heap   total 102400K, used 49486K [0x0000000701e00000, 0x0000000800000000)
  region size 1024K, 2 young (2048K), 2 survivors (2048K)
 Metaspace       used 32775K, capacity 33623K, committed 33920K, reserved 1079296K
  class space    used 3561K, capacity 3877K, committed 3968K, reserved 1048576K
}
Event: 17.981 GC heap before
{Heap before GC invocations=15 (full 0):
 garbage-first heap   total 102400K, used 56654K [0x0000000701e00000, 0x0000000800000000)
  region size 1024K, 10 young (10240K), 2 survivors (2048K)
 Metaspace       used 32959K, capacity 33822K, committed 33920K, reserved 1079296K
  class space    used 3566K, capacity 3877K, committed 3968K, reserved 1048576K
}
Event: 17.989 GC heap after
{Heap after GC invocations=16 (full 0):
 garbage-first heap   total 102400K, used 50086K [0x0000000701e00000, 0x0000000800000000)
  region size 1024K, 3 young (3072K), 3 survivors (3072K)
 Metaspace       used 32959K, capacity 33822K, committed 33920K, reserved 1079296K
  class space    used 3566K, capacity 3877K, committed 3968K, reserved 1048576K
}
Event: 18.399 GC heap before
{Heap before GC invocations=17 (full 0):
 garbage-first heap   total 102400K, used 75686K [0x0000000701e00000, 0x0000000800000000)
  region size 1024K, 27 young (27648K), 3 survivors (3072K)
 Metaspace       used 37434K, capacity 38375K, committed 38656K, reserved 1083392K
  class space    used 4167K, capacity 4502K, committed 4608K, reserved 1048576K
}
Event: 18.412 GC heap after
{Heap after GC invocations=18 (full 0):
 garbage-first heap   total 102400K, used 54052K [0x0000000701e00000, 0x0000000800000000)
  region size 1024K, 4 young (4096K), 4 survivors (4096K)
 Metaspace       used 37434K, capacity 38375K, committed 38656K, reserved 1083392K
  class space    used 4167K, capacity 4502K, committed 4608K, reserved 1048576K
}
Event: 20.231 GC heap before
{Heap before GC invocations=18 (full 0):
 garbage-first heap   total 102400K, used 77604K [0x0000000701e00000, 0x0000000800000000)
  region size 1024K, 27 young (27648K), 4 survivors (4096K)
 Metaspace       used 38064K, capacity 39038K, committed 39168K, reserved 1083392K
  class space    used 4213K, capacity 4589K, committed 4608K, reserved 1048576K
}
Event: 20.244 GC heap after
{Heap after GC invocations=19 (full 0):
 garbage-first heap   total 102400K, used 55485K [0x0000000701e00000, 0x0000000800000000)
  region size 1024K, 2 young (2048K), 2 survivors (2048K)
 Metaspace       used 38064K, capacity 39038K, committed 39168K, reserved 1083392K
  class space    used 4213K, capacity 4589K, committed 4608K, reserved 1048576K
}
Event: 20.411 GC heap before
{Heap before GC invocations=20 (full 0):
 garbage-first heap   total 104448K, used 79037K [0x0000000701e00000, 0x0000000800000000)
  region size 1024K, 25 young (25600K), 2 survivors (2048K)
 Metaspace       used 38112K, capacity 39104K, committed 39168K, reserved 1083392K
  class space    used 4213K, capacity 4589K, committed 4608K, reserved 1048576K
}
Event: 20.416 GC heap after
{Heap after GC invocations=21 (full 0):
 garbage-first heap   total 104448K, used 54947K [0x0000000701e00000, 0x0000000800000000)
  region size 1024K, 2 young (2048K), 2 survivors (2048K)
 Metaspace       used 38112K, capacity 39104K, committed 39168K, reserved 1083392K
  class space    used 4213K, capacity 4589K, committed 4608K, reserved 1048576K
}
Event: 20.609 GC heap before
{Heap before GC invocations=21 (full 0):
 garbage-first heap   total 104448K, used 79523K [0x0000000701e00000, 0x0000000800000000)
  region size 1024K, 26 young (26624K), 2 survivors (2048K)
 Metaspace       used 38957K, capacity 40074K, committed 40448K, reserved 1085440K
  class space    used 4339K, capacity 4743K, committed 4864K, reserved 1048576K
}
Event: 20.615 GC heap after
{Heap after GC invocations=22 (full 0):
 garbage-first heap   total 125952K, used 55388K [0x0000000701e00000, 0x0000000800000000)
  region size 1024K, 2 young (2048K), 2 survivors (2048K)
 Metaspace       used 38957K, capacity 40074K, committed 40448K, reserved 1085440K
  class space    used 4339K, capacity 4743K, committed 4864K, reserved 1048576K
}

