# JRE version: Java(TM) SE Runtime Environment (13.0.2+8) (build 13.0.2+8)
# Java VM: Java HotSpot(TM) 64-Bit Server VM (13.0.2+8, mixed mode, sharing, tiered, compressed oops, g1 gc, windows-amd64)
Heap:
 garbage-first heap   total 262144K, used 9907K [0x0000000701e00000, 0x0000000800000000)
  region size 1024K, 3 young (3072K), 3 survivors (3072K)
 Metaspace       used 14283K, capacity 14890K, committed 14976K, reserved 1071104K
  class space    used 1891K, capacity 2138K, committed 2176K, reserved 1048576K
GC Heap History (8 events):
Event: 1.128 GC heap before
{Heap before GC invocations=0 (full 0):
 garbage-first heap   total 262144K, used 24576K [0x0000000701e00000, 0x0000000800000000)
  region size 1024K, 24 young (24576K), 0 survivors (0K)
 Metaspace       used 6195K, capacity 6547K, committed 6784K, reserved 1056768K
  class space    used 747K, capacity 877K, committed 896K, reserved 1048576K
}
Event: 1.134 GC heap after
{Heap after GC invocations=1 (full 0):
 garbage-first heap   total 262144K, used 7453K [0x0000000701e00000, 0x0000000800000000)
  region size 1024K, 3 young (3072K), 3 survivors (3072K)
 Metaspace       used 6195K, capacity 6547K, committed 6784K, reserved 1056768K
  class space    used 747K, capacity 877K, committed 896K, reserved 1048576K
}
Event: 1.312 GC heap before
{Heap before GC invocations=1 (full 0):
 garbage-first heap   total 262144K, used 23837K [0x0000000701e00000, 0x0000000800000000)
  region size 1024K, 19 young (19456K), 3 survivors (3072K)
 Metaspace       used 7944K, capacity 8359K, committed 8576K, reserved 1056768K
  class space    used 1021K, capacity 1139K, committed 1152K, reserved 1048576K
}
Event: 1.315 GC heap after
{Heap after GC invocations=2 (full 0):
 garbage-first heap   total 262144K, used 8250K [0x0000000701e00000, 0x0000000800000000)
  region size 1024K, 1 young (1024K), 1 survivors (1024K)
 Metaspace       used 7944K, capacity 8359K, committed 8576K, reserved 1056768K
  class space    used 1021K, capacity 1139K, committed 1152K, reserved 1048576K
}
Event: 1.702 GC heap before
{Heap before GC invocations=2 (full 0):
 garbage-first heap   total 262144K, used 55354K [0x0000000701e00000, 0x0000000800000000)
  region size 1024K, 48 young (49152K), 1 survivors (1024K)
 Metaspace       used 13265K, capacity 13885K, committed 14080K, reserved 1062912K
  class space    used 1746K, capacity 1969K, committed 2048K, reserved 1048576K
}
Event: 1.704 GC heap after
{Heap after GC invocations=3 (full 0):
 garbage-first heap   total 262144K, used 9595K [0x0000000701e00000, 0x0000000800000000)
  region size 1024K, 3 young (3072K), 3 survivors (3072K)
 Metaspace       used 13265K, capacity 13885K, committed 14080K, reserved 1062912K
  class space    used 1746K, capacity 1969K, committed 2048K, reserved 1048576K
}
Event: 1.772 GC heap before
{Heap before GC invocations=3 (full 0):
 garbage-first heap   total 262144K, used 19835K [0x0000000701e00000, 0x0000000800000000)
  region size 1024K, 14 young (14336K), 3 survivors (3072K)
 Metaspace       used 14283K, capacity 14890K, committed 14976K, reserved 1069056K
  class space    used 1891K, capacity 2138K, committed 2176K, reserved 1048576K
}
Event: 1.775 GC heap after
{Heap after GC invocations=4 (full 0):
 garbage-first heap   total 262144K, used 9907K [0x0000000701e00000, 0x0000000800000000)
  region size 1024K, 3 young (3072K), 3 survivors (3072K)
 Metaspace       used 14283K, capacity 14890K, committed 14976K, reserved 1069056K
  class space    used 1891K, capacity 2138K, committed 2176K, reserved 1048576K
}

