# JRE version: Java(TM) SE Runtime Environment (13.0.2+8) (build 13.0.2+8)
# Java VM: Java HotSpot(TM) 64-Bit Server VM (13.0.2+8, mixed mode, sharing, tiered, compressed oops, g1 gc, windows-amd64)
Heap:
 garbage-first heap   total 262144K, used 12514K [0x0000000701e00000, 0x0000000800000000)
  region size 1024K, 5 young (5120K), 5 survivors (5120K)
 Metaspace       used 16913K, capacity 17643K, committed 17664K, reserved 1079296K
  class space    used 2274K, capacity 2558K, committed 2560K, reserved 1048576K
GC Heap History (8 events):
Event: 0.811 GC heap before
{Heap before GC invocations=0 (full 0):
 garbage-first heap   total 262144K, used 24576K [0x0000000701e00000, 0x0000000800000000)
  region size 1024K, 24 young (24576K), 0 survivors (0K)
 Metaspace       used 6129K, capacity 6507K, committed 6784K, reserved 1056768K
  class space    used 747K, capacity 841K, committed 896K, reserved 1048576K
}
Event: 0.816 GC heap after
{Heap after GC invocations=1 (full 0):
 garbage-first heap   total 262144K, used 7316K [0x0000000701e00000, 0x0000000800000000)
  region size 1024K, 3 young (3072K), 3 survivors (3072K)
 Metaspace       used 6129K, capacity 6507K, committed 6784K, reserved 1056768K
  class space    used 747K, capacity 841K, committed 896K, reserved 1048576K
}
Event: 1.010 GC heap before
{Heap before GC invocations=1 (full 0):
 garbage-first heap   total 262144K, used 28820K [0x0000000701e00000, 0x0000000800000000)
  region size 1024K, 24 young (24576K), 3 survivors (3072K)
 Metaspace       used 8538K, capacity 8971K, committed 9344K, reserved 1056768K
  class space    used 1124K, capacity 1281K, committed 1408K, reserved 1048576K
}
Event: 1.014 GC heap after
{Heap after GC invocations=2 (full 0):
 garbage-first heap   total 262144K, used 8466K [0x0000000701e00000, 0x0000000800000000)
  region size 1024K, 2 young (2048K), 2 survivors (2048K)
 Metaspace       used 8538K, capacity 8971K, committed 9344K, reserved 1056768K
  class space    used 1124K, capacity 1281K, committed 1408K, reserved 1048576K
}
Event: 1.277 GC heap before
{Heap before GC invocations=2 (full 0):
 garbage-first heap   total 262144K, used 60690K [0x0000000701e00000, 0x0000000800000000)
  region size 1024K, 53 young (54272K), 2 survivors (2048K)
 Metaspace       used 14284K, capacity 14933K, committed 15232K, reserved 1062912K
  class space    used 1883K, capacity 2130K, committed 2176K, reserved 1048576K
}
Event: 1.280 GC heap after
{Heap after GC invocations=3 (full 0):
 garbage-first heap   total 262144K, used 9945K [0x0000000701e00000, 0x0000000800000000)
  region size 1024K, 3 young (3072K), 3 survivors (3072K)
 Metaspace       used 14284K, capacity 14933K, committed 15232K, reserved 1062912K
  class space    used 1883K, capacity 2130K, committed 2176K, reserved 1048576K
}
Event: 1.753 GC heap before
{Heap before GC invocations=3 (full 0):
 garbage-first heap   total 262144K, used 113369K [0x0000000701e00000, 0x0000000800000000)
  region size 1024K, 106 young (108544K), 3 survivors (3072K)
 Metaspace       used 16913K, capacity 17643K, committed 17664K, reserved 1077248K
  class space    used 2274K, capacity 2558K, committed 2560K, reserved 1048576K
}
Event: 1.760 GC heap after
{Heap after GC invocations=4 (full 0):
 garbage-first heap   total 262144K, used 12514K [0x0000000701e00000, 0x0000000800000000)
  region size 1024K, 5 young (5120K), 5 survivors (5120K)
 Metaspace       used 16913K, capacity 17643K, committed 17664K, reserved 1077248K
  class space    used 2274K, capacity 2558K, committed 2560K, reserved 1048576K
}

